{"level":"debug","time":"2025-06-28T12:09:10.559+0600","caller":"cmd/bin.go:144","msg":"cli os: windows, cli arch: amd64"}
{"level":"debug","time":"2025-06-28T12:09:11.374+0600","caller":"cmd/bin.go:153","msg":"Upstream version details: {Name:cli Min:0.2.205 Max:0.2.285} "}
{"level":"info","time":"2025-06-28T12:09:11.375+0600","caller":"cmd/bin.go:201","msg":"Generating TraceID for tracking request: 01JYTJEVGVA0F9JP9S1VM7Y9M2 \n"}
{"level":"debug","time":"2025-06-28T12:09:14.929+0600","caller":"core/lifecycle.go:108","msg":"Setting environment"}
{"level":"debug","time":"2025-06-28T12:09:14.931+0600","caller":"core/lifecycle.go:111","msg":"Parsing config"}
{"level":"debug","time":"2025-06-28T12:09:14.943+0600","caller":"yamlconfigmanager/setup.go:717","msg":"Custom location for .hyperexecute.yaml specified. Using: hyperexecute.yaml"}
{"level":"debug","time":"2025-06-28T12:09:14.944+0600","caller":"yamlconfigmanager/setup.go:117","msg":"using hyperexecute config from : hyperexecute.yaml"}
{"level":"error","time":"2025-06-28T12:09:14.947+0600","caller":"core/lifecycle.go:116","msg":"2025-06-28T12:09:09+06:00    error    \u001b[91mERR::PAR::HT_YAML\u001b[0m     Unable to parse hyperexecute.yaml  error: yaml: unmarshal errors:\n  line 7: cannot unmarshal !!str `playwright` into models.Framework    Error while loading hyperexecute configuration file"}
{"level":"debug","time":"2025-06-28T12:09:14.948+0600","caller":"core/lifecycle.go:59","msg":"Quit requested from main goroutine...."}
{"level":"debug","time":"2025-06-28T12:09:14.948+0600","caller":"core/lifecycle.go:60","msg":"Waiting for the goroutines to exit"}
{"level":"debug","time":"2025-06-28T12:09:14.948+0600","caller":"core/lifecycle.go:63","msg":"All lifecycle goroutines exited"}
{"level":"debug","time":"2025-06-28T12:09:14.948+0600","caller":"cmd/bin.go:397","msg":"Exiting application due to error \u001b[91mERR::PAR::HT_YAML\u001b[0m     Unable to parse hyperexecute.yaml  error: yaml: unmarshal errors:\n  line 7: cannot unmarshal !!str `playwright` into models.Framework"}
{"level":"debug","time":"2025-06-28T12:09:14.948+0600","caller":"cmd/bin.go:358","msg":"main: all goroutines have finished."}
{"level":"debug","time":"2025-06-28T12:21:06.235+0600","caller":"cmd/bin.go:144","msg":"cli os: windows, cli arch: amd64"}
{"level":"debug","time":"2025-06-28T12:21:07.033+0600","caller":"cmd/bin.go:153","msg":"Upstream version details: {Name:cli Min:0.2.205 Max:0.2.285} "}
{"level":"info","time":"2025-06-28T12:21:07.033+0600","caller":"cmd/bin.go:201","msg":"Generating TraceID for tracking request: 01JYTK4PEKHNR2D0BJRZZ2MXWG \n"}
{"level":"debug","time":"2025-06-28T12:21:10.532+0600","caller":"core/lifecycle.go:108","msg":"Setting environment"}
{"level":"debug","time":"2025-06-28T12:21:10.535+0600","caller":"core/lifecycle.go:111","msg":"Parsing config"}
{"level":"debug","time":"2025-06-28T12:21:10.535+0600","caller":"yamlconfigmanager/setup.go:717","msg":"Custom location for .hyperexecute.yaml specified. Using: hyperexecute.yaml"}
{"level":"debug","time":"2025-06-28T12:21:10.537+0600","caller":"yamlconfigmanager/setup.go:117","msg":"using hyperexecute config from : hyperexecute.yaml"}
{"level":"debug","time":"2025-06-28T12:21:10.586+0600","caller":"yamlconfigmanager/setup.go:1880","msg":"Environment variable not set against the variable - CACHE_DIR mentioned in yaml"}
{"level":"debug","time":"2025-06-28T12:21:10.587+0600","caller":"yamlconfigmanager/setup.go:1880","msg":"Environment variable not set against the variable - CACHE_DIR mentioned in yaml"}
{"level":"debug","time":"2025-06-28T12:21:11.530+0600","caller":"yamlconfigmanager/setup.go:2117","msg":"Autodetecting test type in files of path : C:\\Users\\HP\\OneDrive\\Desktop\\LamdatestPlaywright102Assignment"}
{"level":"debug","time":"2025-06-28T12:21:11.532+0600","caller":"yamlconfigmanager/setup.go:2159","msg":"File in which test type is detected - C:\\Users\\HP\\OneDrive\\Desktop\\LamdatestPlaywright102Assignment/pom.xml"}
{"level":"debug","time":"2025-06-28T12:21:11.532+0600","caller":"yamlconfigmanager/setup.go:2160","msg":"Pre command in which test type is detected - npm install playwright@1.23.0 --save-exact"}
{"level":"debug","time":"2025-06-28T12:21:11.533+0600","caller":"yamlconfigmanager/setup.go:507","msg":"Automatic test type detected - playwright"}
{"level":"warn","time":"2025-06-28T12:21:11.534+0600","caller":"yamlconfigmanager/setup.go:1182","msg":"Please ensure the value of testSuiteTimeout is set within 150 min. Overriding the specified value to 150 min."}
{"level":"warn","time":"2025-06-28T12:21:11.534+0600","caller":"yamlconfigmanager/setup.go:1191","msg":"Please ensure the value of globalTimeout is set within 150 min. Overriding the specified value to 150 min."}
{"level":"warn","time":"2025-06-28T12:21:11.535+0600","caller":"yamlconfigmanager/setup.go:1200","msg":"Please ensure the value of testSuiteTimeout is set within 150 min. Overriding the specified value to 150 min."}
{"level":"debug","time":"2025-06-28T12:21:11.535+0600","caller":"yamlconfigmanager/setup.go:539","msg":"Tunnel: %!t(<nil>)"}
{"level":"info","time":"2025-06-28T12:21:11.536+0600","caller":"models/HypertestYamlConfig.go:874","msg":"\n\u001b[4m\u001b[1m\u001b[97mExecution Plan\u001b[0m\u001b[22m\u001b[24m"}
{"level":"info","time":"2025-06-28T12:21:11.537+0600","caller":"models/HypertestYamlConfig.go:735","msg":"Runson:    \u001b[36mwin10\u001b[0m"}
{"level":"info","time":"2025-06-28T12:21:11.537+0600","caller":"models/HypertestYamlConfig.go:743","msg":"Concurrency:    \u001b[36m2\u001b[0m"}
{"level":"info","time":"2025-06-28T12:21:11.538+0600","caller":"models/HypertestYamlConfig.go:807","msg":"Report:    \u001b[36mdisabled\u001b[0m"}
{"level":"info","time":"2025-06-28T12:21:11.539+0600","caller":"models/HypertestYamlConfig.go:839","msg":"Cache Directories:"}
{"level":"info","time":"2025-06-28T12:21:11.539+0600","caller":"models/HypertestYamlConfig.go:841","msg":"    \u001b[36m${CACHE_DIR}\u001b[0m"}
{"level":"info","time":"2025-06-28T12:21:11.539+0600","caller":"models/HypertestYamlConfig.go:887","msg":""}
{"level":"debug","time":"2025-06-28T12:21:11.540+0600","caller":"filevalidator/setup.go:49","msg":"Warning: Checking data.json file in current directory, no dataJsonPath found in .hyperexecute.yaml"}
{"level":"debug","time":"2025-06-28T12:21:11.541+0600","caller":"filevalidator/setup.go:53","msg":"Warning: data.json file doesn't exist"}
{"level":"info","time":"2025-06-28T12:21:12.541+0600","caller":"core/lifecycle.go:438","msg":"\u001b[102m\u001b[1m\u001b[30mYou've consumed 1.00 % of your limit. Free trial mins left - 297.00\u001b[0m\u001b[22m\u001b[0m"}
{"level":"debug","time":"2025-06-28T12:21:12.541+0600","caller":"core/lifecycle.go:517","msg":"Job ID: 39631742-8c12-4551-b787-6940d80a33fe"}
{"level":"debug","time":"2025-06-28T12:21:12.541+0600","caller":"events/manager.go:95","msg":"Starting event manager"}
{"level":"debug","time":"2025-06-28T12:21:12.542+0600","caller":"events/manager.go:97","msg":"SSE enabled, getting SSE connection"}
{"level":"debug","time":"2025-06-28T12:21:12.542+0600","caller":"core/lifecycle.go:520","msg":"User - mehedi159021, triggered job with ID 39631742-8c12-4551-b787-6940d80a33fe from CLI"}
{"level":"debug","time":"2025-06-28T12:21:12.543+0600","caller":"core/lifecycle.go:523","msg":"User has provided playwright as test type for the job with ID 39631742-8c12-4551-b787-6940d80a33fe"}
{"level":"debug","time":"2025-06-28T12:21:12.547+0600","caller":"archivemanager/setup.go:340","msg":"digestMap: map[]"}
{"level":"debug","time":"2025-06-28T12:21:12.548+0600","caller":"archivemanager/setup.go:346","msg":"Creating archive of target directory: C:\\Users\\HP\\OneDrive\\Desktop\\LamdatestPlaywright102Assignment"}
{"level":"debug","time":"2025-06-28T12:21:13.196+0600","caller":"core/lifecycle.go:666","msg":"Zip file size: 128.94 kB"}
{"level":"debug","time":"2025-06-28T12:21:13.196+0600","caller":"core/lifecycle.go:676","msg":"Archive location: C:\\Users\\HP\\OneDrive\\Desktop\\LamdatestPlaywright102Assignment\\hyperexecute-code-39631742-8c12-4551-b787-6940d80a33fe.zip\n"}
{"level":"debug","time":"2025-06-28T12:21:13.236+0600","caller":"storage/azure.go:59","msg":"Payload size: 128.94 kB, source path C:\\Users\\HP\\OneDrive\\Desktop\\LamdatestPlaywright102Assignment\\hyperexecute-code-39631742-8c12-4551-b787-6940d80a33fe.zip"}
{"level":"debug","time":"2025-06-28T12:21:13.238+0600","caller":"utils/azcopy.go:143","msg":"Downloading dependency binary ..................."}
{"level":"debug","time":"2025-06-28T12:21:13.927+0600","caller":"events/manager.go:277","msg":"connection to hyperexecute server established successfully."}
{"level":"debug","time":"2025-06-28T12:21:16.428+0600","caller":"utils/azcopy.go:100","msg":"Downloading dependency to upload files"}
{"level":"info","time":"2025-06-28T12:21:39.834+0600","caller":"utils/azcopy.go:118","msg":"✔ Dependency binary downloaded successfully"}
{"level":"debug","time":"2025-06-28T12:21:39.835+0600","caller":"utils/azcopy.go:190","msg":"returning from fallback"}
{"level":"info","time":"2025-06-28T12:21:45.334+0600","caller":"storage/azure.go:114","msg":"File: C:\\Users\\HP\\OneDrive\\Desktop\\LamdatestPlaywright102Assignment\\hyperexecute-code-39631742-8c12-4551-b787-6940d80a33fe.zip upload completed in 32.1372666s"}
{"level":"debug","time":"2025-06-28T12:21:45.335+0600","caller":"receptionmanager/setup.go:267","msg":"number of entries in runtimes: 0, switching to new yaml format"}
{"level":"debug","time":"2025-06-28T12:21:45.336+0600","caller":"receptionmanager/setup.go:296","msg":"number of entries in partialreports: 0, switching to new yaml format"}
{"level":"debug","time":"2025-06-28T12:21:45.337+0600","caller":"receptionmanager/setup.go:184","msg":"Uploading yaml : C:\\Users\\HP\\OneDrive\\Desktop\\LamdatestPlaywright102Assignment\\.updatedhyperexecute.yaml"}
{"level":"debug","time":"2025-06-28T12:21:45.351+0600","caller":"storage/azure.go:59","msg":"Payload size: 3.48 kB, source path C:\\Users\\HP\\OneDrive\\Desktop\\LamdatestPlaywright102Assignment\\.updatedhyperexecute.yaml"}
{"level":"info","time":"2025-06-28T12:21:56.548+0600","caller":"storage/azure.go:114","msg":"File: C:\\Users\\HP\\OneDrive\\Desktop\\LamdatestPlaywright102Assignment\\.updatedhyperexecute.yaml upload completed in 11.2100882s"}
{"level":"debug","time":"2025-06-28T12:21:56.549+0600","caller":"core/lifecycle.go:703","msg":"Successfully deleted code archive: C:\\Users\\HP\\OneDrive\\Desktop\\LamdatestPlaywright102Assignment\\hyperexecute-code-39631742-8c12-4551-b787-6940d80a33fe.zip\n"}
{"level":"debug","time":"2025-06-28T12:21:56.576+0600","caller":"storage/azure.go:59","msg":"Payload size: 556 B, source path mask-39631742-8c12-4551-b787-6940d80a33fe.yaml"}
{"level":"info","time":"2025-06-28T12:22:09.287+0600","caller":"storage/azure.go:114","msg":"File: mask-39631742-8c12-4551-b787-6940d80a33fe.yaml upload completed in 12.7238281s"}
{"level":"debug","time":"2025-06-28T12:22:11.464+0600","caller":"jobmanager/sse_setup.go:199","msg":"Task id: HYPW-2541526-1751091732599259460ROW"}
{"level":"debug","time":"2025-06-28T12:22:11.464+0600","caller":"jobmanager/sse_setup.go:200","msg":"Sending new task alert to stage manager for taskId: HYPW-2541526-1751091732599259460ROW"}
{"level":"info","time":"2025-06-28T12:22:12.558+0600","caller":"terminal/terminal.go:187","msg":"✔ [1]  cache-download (1s)\n"}
{"level":"info","time":"2025-06-28T12:22:13.292+0600","caller":"jobmanager/sse_setup.go:85","msg":"\nJob 39631742-8c12-4551-b787-6940d80a33fe has started RUNNING"}
{"level":"info","time":"2025-06-28T12:22:13.294+0600","caller":"jobmanager/manager.go:143","msg":"Job Link: https://hyperexecute.lambdatest.com/hyperexecute/task?jobId=39631742-8c12-4551-b787-6940d80a33fe\n"}
{"level":"info","time":"2025-06-28T12:22:33.085+0600","caller":"terminal/terminal.go:187","msg":"x [1]  pre (21s)\n"}
{"level":"info","time":"2025-06-28T12:22:35.107+0600","caller":"jobmanager/sse_setup.go:87","msg":"\nJob 39631742-8c12-4551-b787-6940d80a33fe has  FAILED "}
{"level":"info","time":"2025-06-28T12:22:35.108+0600","caller":"jobmanager/manager.go:143","msg":"Job Link: https://hyperexecute.lambdatest.com/hyperexecute/task?jobId=39631742-8c12-4551-b787-6940d80a33fe\n"}
{"level":"error","time":"2025-06-28T12:22:35.119+0600","caller":"jobmanager/sse_setup.go:128","msg":"2025-06-28T12:21:05+06:00    error    ERR::JOB::STS     Job failed!"}
{"level":"debug","time":"2025-06-28T12:22:35.119+0600","caller":"jobmanager/sse_setup.go:141","msg":"\n\nJob status"}
{"level":"info","time":"2025-06-28T12:22:35.132+0600","caller":"jobmanager/sse_setup.go:156","msg":" ID: 39631742-8c12-4551-b787-6940d80a33fe\n Status:  FAILED \n Remark: Job failed at prerun step. Please check your Yaml configuration.\n OrgID: 2541526\n Created: 2025-06-28 06:21:14 +0000 UTC\n Updated: 2025-06-28 06:22:34 +0000 UTC\n global timeout: 150\n testsuite timeout: 150\n retry on failure: false\n start time: 2025-06-28 06:22:13 +0000 UTC\n end time: 2025-06-28 06:22:34 +0000 UTC\n duration: 21s"}
{"level":"info","time":"2025-06-28T12:22:35.133+0600","caller":"jobmanager/sse_setup.go:162","msg":"\n\nTask status\n"}
{"level":"info","time":"2025-06-28T12:22:35.133+0600","caller":"jobmanager/sse_setup.go:168","msg":" ID: HYPW-2541526-1751091732599259460ROW\n Status: failed\n Remark: Job failed at prerun step. Please check your Yaml configuration.\n Created: 2025-06-28 06:22:12 +0000 UTC\n Updated: 2025-06-28 06:22:34 +0000 UTC\n context: {\"_jobId\": \"39631742-8c12-4551-b787-6940d80a33fe\", \"_taskId\": \"HYPW-2541526-1751091732599259460ROW\", \"_sanctumIntent\": \"hyperexecute-windows\", \"_adbEspressoSupport\": \"true\", \"_whiteLabelProductTag\": \"\"}\n tunnel name: \n os: win\n start time: 2025-06-28 06:22:13 +0000 UTC\n end time: 2025-06-28 06:22:34 +0000 UTC\n duration: 21s"}
{"level":"info","time":"2025-06-28T12:22:35.134+0600","caller":"jobmanager/sse_setup.go:173","msg":"\n"}
{"level":"info","time":"2025-06-28T12:22:35.135+0600","caller":"core/lifecycle.go:788","msg":"taskId:HYPW-2541526-1751091732599259460ROW has failed with remark: Job failed at prerun step. Please check your Yaml configuration.\n"}
{"level":"debug","time":"2025-06-28T12:22:35.135+0600","caller":"core/lifecycle.go:881","msg":"Context canceled"}
{"level":"info","time":"2025-06-28T12:22:35.136+0600","caller":"core/lifecycle.go:884","msg":"Stopping pipeline gracefully"}
{"level":"error","time":"2025-06-28T12:22:35.137+0600","caller":"core/lifecycle.go:887","msg":"2025-06-28T12:21:05+06:00    error    Exiting with error: Failed tasks found."}
{"level":"info","time":"2025-06-28T12:22:35.138+0600","caller":"jobmanager/manager.go:143","msg":"Job Link: https://hyperexecute.lambdatest.com/hyperexecute/task?jobId=39631742-8c12-4551-b787-6940d80a33fe\n"}
{"level":"debug","time":"2025-06-28T12:22:35.138+0600","caller":"core/lifecycle.go:59","msg":"Quit requested from main goroutine...."}
{"level":"debug","time":"2025-06-28T12:22:35.139+0600","caller":"core/lifecycle.go:60","msg":"Waiting for the goroutines to exit"}
{"level":"info","time":"2025-06-28T12:22:35.942+0600","caller":"jobmanager/JobSummaryManager.go:54","msg":"\n FAILED \n"}
{"level":"info","time":"2025-06-28T12:22:35.943+0600","caller":"jobmanager/JobSummaryManager.go:113","msg":"    Test Execution Time:                  0s"}
{"level":"info","time":"2025-06-28T12:22:35.943+0600","caller":"jobmanager/JobSummaryManager.go:113","msg":"    Job Duration Time:                    21s"}
{"level":"info","time":"2025-06-28T12:22:35.944+0600","caller":"jobmanager/JobSummaryManager.go:113","msg":"    Total Tasks:                          1"}
{"level":"info","time":"2025-06-28T12:22:35.944+0600","caller":"jobmanager/JobSummaryManager.go:113","msg":"    Cumulative Time Consumed:             21s"}
{"level":"info","time":"2025-06-28T12:22:35.945+0600","caller":"jobmanager/JobSummaryManager.go:113","msg":"    Total Stages:                         1"}
{"level":"info","time":"2025-06-28T12:22:35.945+0600","caller":"jobmanager/JobSummaryManager.go:113","msg":"    Pass discovery stage percentage:      0.00%"}
{"level":"info","time":"2025-06-28T12:22:35.946+0600","caller":"jobmanager/JobSummaryManager.go:113","msg":"    Failed discovery stage percentage:    0.00%"}
{"level":"info","time":"2025-06-28T12:22:35.947+0600","caller":"jobmanager/JobSummaryManager.go:113","msg":"    Pass pre stage percentage:            0.00%"}
{"level":"info","time":"2025-06-28T12:22:35.947+0600","caller":"jobmanager/JobSummaryManager.go:113","msg":"    Failed pre stage percentage:          100.00%"}
{"level":"info","time":"2025-06-28T12:22:35.948+0600","caller":"jobmanager/JobSummaryManager.go:113","msg":"    Pass test stage percentage:           0.00%"}
{"level":"info","time":"2025-06-28T12:22:35.948+0600","caller":"jobmanager/JobSummaryManager.go:113","msg":"    Failed test stage percentage:         0.00%"}
{"level":"info","time":"2025-06-28T12:22:35.949+0600","caller":"jobmanager/JobSummaryManager.go:113","msg":"    Pass post stage percentage:           0.00%"}
{"level":"info","time":"2025-06-28T12:22:35.949+0600","caller":"jobmanager/JobSummaryManager.go:113","msg":"    Failed post stage percentage:         0.00%"}
{"level":"info","time":"2025-06-28T12:22:35.949+0600","caller":"jobmanager/JobSummaryManager.go:113","msg":"    Failed Tasks:                         1"}
{"level":"info","time":"2025-06-28T12:22:35.950+0600","caller":"jobmanager/JobSummaryManager.go:58","msg":""}
{"level":"debug","time":"2025-06-28T12:23:05.139+0600","caller":"cmd/bin.go:358","msg":"main: all goroutines have finished."}
{"level":"debug","time":"2025-06-28T12:23:05.139+0600","caller":"cmd/bin.go:397","msg":"Exiting application due to error Failed tasks found."}
{"level":"debug","time":"2025-06-28T12:27:55.368+0600","caller":"cmd/bin.go:144","msg":"cli os: windows, cli arch: amd64"}
{"level":"debug","time":"2025-06-28T12:27:56.223+0600","caller":"cmd/bin.go:153","msg":"Upstream version details: {Name:cli Min:0.2.205 Max:0.2.285} "}
{"level":"info","time":"2025-06-28T12:27:56.224+0600","caller":"cmd/bin.go:201","msg":"Generating TraceID for tracking request: 01JYTKH5YE9JR4NBN9H6VJCRWS \n"}
{"level":"debug","time":"2025-06-28T12:27:59.947+0600","caller":"core/lifecycle.go:108","msg":"Setting environment"}
{"level":"debug","time":"2025-06-28T12:27:59.950+0600","caller":"core/lifecycle.go:111","msg":"Parsing config"}
{"level":"debug","time":"2025-06-28T12:27:59.950+0600","caller":"yamlconfigmanager/setup.go:717","msg":"Custom location for .hyperexecute.yaml specified. Using: hyperexecute.yaml"}
{"level":"debug","time":"2025-06-28T12:27:59.951+0600","caller":"yamlconfigmanager/setup.go:117","msg":"using hyperexecute config from : hyperexecute.yaml"}
{"level":"debug","time":"2025-06-28T12:27:59.999+0600","caller":"yamlconfigmanager/setup.go:1880","msg":"Environment variable not set against the variable - CACHE_DIR mentioned in yaml"}
{"level":"debug","time":"2025-06-28T12:27:59.999+0600","caller":"yamlconfigmanager/setup.go:1880","msg":"Environment variable not set against the variable - CACHE_DIR mentioned in yaml"}
{"level":"debug","time":"2025-06-28T12:28:00.940+0600","caller":"yamlconfigmanager/setup.go:2117","msg":"Autodetecting test type in files of path : C:\\Users\\HP\\OneDrive\\Desktop\\LamdatestPlaywright102Assignment"}
{"level":"debug","time":"2025-06-28T12:28:00.942+0600","caller":"yamlconfigmanager/setup.go:2159","msg":"File in which test type is detected - C:\\Users\\HP\\OneDrive\\Desktop\\LamdatestPlaywright102Assignment/pom.xml"}
{"level":"debug","time":"2025-06-28T12:28:00.942+0600","caller":"yamlconfigmanager/setup.go:2160","msg":"Pre command in which test type is detected - npm install playwright@1.23.0 --save-exact"}
{"level":"debug","time":"2025-06-28T12:28:00.943+0600","caller":"yamlconfigmanager/setup.go:507","msg":"Automatic test type detected - playwright"}
{"level":"warn","time":"2025-06-28T12:28:00.944+0600","caller":"yamlconfigmanager/setup.go:1182","msg":"Please ensure the value of testSuiteTimeout is set within 150 min. Overriding the specified value to 150 min."}
{"level":"warn","time":"2025-06-28T12:28:00.944+0600","caller":"yamlconfigmanager/setup.go:1191","msg":"Please ensure the value of globalTimeout is set within 150 min. Overriding the specified value to 150 min."}
{"level":"warn","time":"2025-06-28T12:28:00.944+0600","caller":"yamlconfigmanager/setup.go:1200","msg":"Please ensure the value of testSuiteTimeout is set within 150 min. Overriding the specified value to 150 min."}
{"level":"debug","time":"2025-06-28T12:28:00.945+0600","caller":"yamlconfigmanager/setup.go:539","msg":"Tunnel: %!t(<nil>)"}
{"level":"info","time":"2025-06-28T12:28:00.945+0600","caller":"models/HypertestYamlConfig.go:874","msg":"\n\u001b[4m\u001b[1m\u001b[97mExecution Plan\u001b[0m\u001b[22m\u001b[24m"}
{"level":"info","time":"2025-06-28T12:28:00.945+0600","caller":"models/HypertestYamlConfig.go:735","msg":"Runson:    \u001b[36mlinux\u001b[0m"}
{"level":"info","time":"2025-06-28T12:28:00.946+0600","caller":"models/HypertestYamlConfig.go:743","msg":"Concurrency:    \u001b[36m2\u001b[0m"}
{"level":"info","time":"2025-06-28T12:28:00.947+0600","caller":"models/HypertestYamlConfig.go:807","msg":"Report:    \u001b[36mdisabled\u001b[0m"}
{"level":"info","time":"2025-06-28T12:28:00.947+0600","caller":"models/HypertestYamlConfig.go:839","msg":"Cache Directories:"}
{"level":"info","time":"2025-06-28T12:28:00.947+0600","caller":"models/HypertestYamlConfig.go:841","msg":"    \u001b[36m${CACHE_DIR}\u001b[0m"}
{"level":"info","time":"2025-06-28T12:28:00.947+0600","caller":"models/HypertestYamlConfig.go:887","msg":""}
{"level":"debug","time":"2025-06-28T12:28:00.947+0600","caller":"filevalidator/setup.go:49","msg":"Warning: Checking data.json file in current directory, no dataJsonPath found in .hyperexecute.yaml"}
{"level":"debug","time":"2025-06-28T12:28:00.948+0600","caller":"filevalidator/setup.go:53","msg":"Warning: data.json file doesn't exist"}
{"level":"info","time":"2025-06-28T12:28:01.950+0600","caller":"core/lifecycle.go:438","msg":"\u001b[102m\u001b[1m\u001b[30mYou've consumed 1.33 % of your limit. Free trial mins left - 296.00\u001b[0m\u001b[22m\u001b[0m"}
{"level":"debug","time":"2025-06-28T12:28:01.951+0600","caller":"core/lifecycle.go:517","msg":"Job ID: cf54fac8-5b82-45ca-9b16-6a511d7b9940"}
{"level":"debug","time":"2025-06-28T12:28:01.952+0600","caller":"core/lifecycle.go:520","msg":"User - mehedi159021, triggered job with ID cf54fac8-5b82-45ca-9b16-6a511d7b9940 from CLI"}
{"level":"debug","time":"2025-06-28T12:28:01.952+0600","caller":"core/lifecycle.go:523","msg":"User has provided playwright as test type for the job with ID cf54fac8-5b82-45ca-9b16-6a511d7b9940"}
{"level":"debug","time":"2025-06-28T12:28:01.958+0600","caller":"archivemanager/setup.go:340","msg":"digestMap: map[]"}
{"level":"debug","time":"2025-06-28T12:28:01.960+0600","caller":"archivemanager/setup.go:346","msg":"Creating archive of target directory: C:\\Users\\HP\\OneDrive\\Desktop\\LamdatestPlaywright102Assignment"}
{"level":"debug","time":"2025-06-28T12:28:01.951+0600","caller":"events/manager.go:95","msg":"Starting event manager"}
{"level":"debug","time":"2025-06-28T12:28:01.964+0600","caller":"events/manager.go:97","msg":"SSE enabled, getting SSE connection"}
{"level":"debug","time":"2025-06-28T12:28:02.204+0600","caller":"core/lifecycle.go:666","msg":"Zip file size: 129.00 kB"}
{"level":"debug","time":"2025-06-28T12:28:02.205+0600","caller":"core/lifecycle.go:676","msg":"Archive location: C:\\Users\\HP\\OneDrive\\Desktop\\LamdatestPlaywright102Assignment\\hyperexecute-code-cf54fac8-5b82-45ca-9b16-6a511d7b9940.zip\n"}
{"level":"debug","time":"2025-06-28T12:28:02.258+0600","caller":"storage/azure.go:59","msg":"Payload size: 129.00 kB, source path C:\\Users\\HP\\OneDrive\\Desktop\\LamdatestPlaywright102Assignment\\hyperexecute-code-cf54fac8-5b82-45ca-9b16-6a511d7b9940.zip"}
{"level":"debug","time":"2025-06-28T12:28:03.318+0600","caller":"events/manager.go:277","msg":"connection to hyperexecute server established successfully."}
{"level":"info","time":"2025-06-28T12:28:15.558+0600","caller":"storage/azure.go:114","msg":"File: C:\\Users\\HP\\OneDrive\\Desktop\\LamdatestPlaywright102Assignment\\hyperexecute-code-cf54fac8-5b82-45ca-9b16-6a511d7b9940.zip upload completed in 13.3522104s"}
{"level":"debug","time":"2025-06-28T12:28:15.558+0600","caller":"receptionmanager/setup.go:267","msg":"number of entries in runtimes: 0, switching to new yaml format"}
{"level":"debug","time":"2025-06-28T12:28:15.559+0600","caller":"receptionmanager/setup.go:296","msg":"number of entries in partialreports: 0, switching to new yaml format"}
{"level":"debug","time":"2025-06-28T12:28:15.561+0600","caller":"receptionmanager/setup.go:184","msg":"Uploading yaml : C:\\Users\\HP\\OneDrive\\Desktop\\LamdatestPlaywright102Assignment\\.updatedhyperexecute.yaml"}
{"level":"debug","time":"2025-06-28T12:28:15.576+0600","caller":"storage/azure.go:59","msg":"Payload size: 3.48 kB, source path C:\\Users\\HP\\OneDrive\\Desktop\\LamdatestPlaywright102Assignment\\.updatedhyperexecute.yaml"}
{"level":"info","time":"2025-06-28T12:28:26.762+0600","caller":"storage/azure.go:114","msg":"File: C:\\Users\\HP\\OneDrive\\Desktop\\LamdatestPlaywright102Assignment\\.updatedhyperexecute.yaml upload completed in 11.2012348s"}
{"level":"debug","time":"2025-06-28T12:28:26.765+0600","caller":"core/lifecycle.go:703","msg":"Successfully deleted code archive: C:\\Users\\HP\\OneDrive\\Desktop\\LamdatestPlaywright102Assignment\\hyperexecute-code-cf54fac8-5b82-45ca-9b16-6a511d7b9940.zip\n"}
{"level":"debug","time":"2025-06-28T12:28:26.779+0600","caller":"storage/azure.go:59","msg":"Payload size: 550 B, source path mask-cf54fac8-5b82-45ca-9b16-6a511d7b9940.yaml"}
{"level":"info","time":"2025-06-28T12:28:38.088+0600","caller":"storage/azure.go:114","msg":"File: mask-cf54fac8-5b82-45ca-9b16-6a511d7b9940.yaml upload completed in 11.3202423s"}
{"level":"debug","time":"2025-06-28T12:28:40.343+0600","caller":"jobmanager/sse_setup.go:199","msg":"Task id: HYPL-2541526-1751092121371541817VVV"}
{"level":"debug","time":"2025-06-28T12:28:40.343+0600","caller":"jobmanager/sse_setup.go:200","msg":"Sending new task alert to stage manager for taskId: HYPL-2541526-1751092121371541817VVV"}
{"level":"info","time":"2025-06-28T12:28:41.273+0600","caller":"terminal/terminal.go:187","msg":"✔ [1]  cache-download (0s)\n"}
{"level":"info","time":"2025-06-28T12:28:42.079+0600","caller":"jobmanager/sse_setup.go:85","msg":"\nJob cf54fac8-5b82-45ca-9b16-6a511d7b9940 has started RUNNING"}
{"level":"info","time":"2025-06-28T12:28:42.079+0600","caller":"jobmanager/manager.go:143","msg":"Job Link: https://hyperexecute.lambdatest.com/hyperexecute/task?jobId=cf54fac8-5b82-45ca-9b16-6a511d7b9940\n"}
{"level":"info","time":"2025-06-28T12:29:03.196+0600","caller":"terminal/terminal.go:187","msg":"x [1]  pre (22s)\n"}
{"level":"info","time":"2025-06-28T12:29:05.296+0600","caller":"jobmanager/sse_setup.go:87","msg":"\nJob cf54fac8-5b82-45ca-9b16-6a511d7b9940 has  FAILED "}
{"level":"info","time":"2025-06-28T12:29:05.296+0600","caller":"jobmanager/manager.go:143","msg":"Job Link: https://hyperexecute.lambdatest.com/hyperexecute/task?jobId=cf54fac8-5b82-45ca-9b16-6a511d7b9940\n"}
{"level":"error","time":"2025-06-28T12:29:05.309+0600","caller":"jobmanager/sse_setup.go:128","msg":"2025-06-28T12:27:54+06:00    error    ERR::JOB::STS     Job failed!"}
{"level":"debug","time":"2025-06-28T12:29:05.310+0600","caller":"jobmanager/sse_setup.go:141","msg":"\n\nJob status"}
{"level":"info","time":"2025-06-28T12:29:05.310+0600","caller":"jobmanager/sse_setup.go:156","msg":" ID: cf54fac8-5b82-45ca-9b16-6a511d7b9940\n Status:  FAILED \n Remark: Job failed at prerun step. Please check your Yaml configuration.\n OrgID: 2541526\n Created: 2025-06-28 06:28:04 +0000 UTC\n Updated: 2025-06-28 06:29:04 +0000 UTC\n global timeout: 150\n testsuite timeout: 150\n retry on failure: false\n start time: 2025-06-28 06:28:42 +0000 UTC\n end time: 2025-06-28 06:29:04 +0000 UTC\n duration: 22s"}
{"level":"info","time":"2025-06-28T12:29:05.310+0600","caller":"jobmanager/sse_setup.go:162","msg":"\n\nTask status\n"}
{"level":"info","time":"2025-06-28T12:29:05.311+0600","caller":"jobmanager/sse_setup.go:168","msg":" ID: HYPL-2541526-1751092121371541817VVV\n Status: failed\n Remark: Job failed at prerun step. Please check your Yaml configuration.\n Created: 2025-06-28 06:28:41 +0000 UTC\n Updated: 2025-06-28 06:29:04 +0000 UTC\n context: {\"_jobId\": \"cf54fac8-5b82-45ca-9b16-6a511d7b9940\", \"_taskId\": \"HYPL-2541526-1751092121371541817VVV\", \"_sanctumIntent\": \"hyperexecute-linux\", \"_adbEspressoSupport\": \"true\", \"_whiteLabelProductTag\": \"\"}\n tunnel name: \n os: linux\n start time: 2025-06-28 06:28:42 +0000 UTC\n end time: 2025-06-28 06:29:04 +0000 UTC\n duration: 22s"}
{"level":"info","time":"2025-06-28T12:29:05.312+0600","caller":"jobmanager/sse_setup.go:173","msg":"\n"}
{"level":"info","time":"2025-06-28T12:29:05.312+0600","caller":"core/lifecycle.go:788","msg":"taskId:HYPL-2541526-1751092121371541817VVV has failed with remark: Job failed at prerun step. Please check your Yaml configuration.\n"}
{"level":"debug","time":"2025-06-28T12:29:05.312+0600","caller":"core/lifecycle.go:881","msg":"Context canceled"}
{"level":"info","time":"2025-06-28T12:29:05.314+0600","caller":"core/lifecycle.go:884","msg":"Stopping pipeline gracefully"}
{"level":"error","time":"2025-06-28T12:29:05.314+0600","caller":"core/lifecycle.go:887","msg":"2025-06-28T12:27:54+06:00    error    Exiting with error: Failed tasks found."}
{"level":"info","time":"2025-06-28T12:29:05.316+0600","caller":"jobmanager/manager.go:143","msg":"Job Link: https://hyperexecute.lambdatest.com/hyperexecute/task?jobId=cf54fac8-5b82-45ca-9b16-6a511d7b9940\n"}
{"level":"debug","time":"2025-06-28T12:29:05.317+0600","caller":"core/lifecycle.go:59","msg":"Quit requested from main goroutine...."}
{"level":"debug","time":"2025-06-28T12:29:05.317+0600","caller":"core/lifecycle.go:60","msg":"Waiting for the goroutines to exit"}
{"level":"info","time":"2025-06-28T12:29:06.140+0600","caller":"jobmanager/JobSummaryManager.go:54","msg":"\n FAILED \n"}
{"level":"info","time":"2025-06-28T12:29:06.141+0600","caller":"jobmanager/JobSummaryManager.go:113","msg":"    Test Execution Time:                  0s"}
{"level":"info","time":"2025-06-28T12:29:06.141+0600","caller":"jobmanager/JobSummaryManager.go:113","msg":"    Job Duration Time:                    22s"}
{"level":"info","time":"2025-06-28T12:29:06.141+0600","caller":"jobmanager/JobSummaryManager.go:113","msg":"    Total Tasks:                          1"}
{"level":"info","time":"2025-06-28T12:29:06.142+0600","caller":"jobmanager/JobSummaryManager.go:113","msg":"    Cumulative Time Consumed:             22s"}
{"level":"info","time":"2025-06-28T12:29:06.143+0600","caller":"jobmanager/JobSummaryManager.go:113","msg":"    Total Stages:                         1"}
{"level":"info","time":"2025-06-28T12:29:06.143+0600","caller":"jobmanager/JobSummaryManager.go:113","msg":"    Pass discovery stage percentage:      0.00%"}
{"level":"info","time":"2025-06-28T12:29:06.144+0600","caller":"jobmanager/JobSummaryManager.go:113","msg":"    Failed discovery stage percentage:    0.00%"}
{"level":"info","time":"2025-06-28T12:29:06.145+0600","caller":"jobmanager/JobSummaryManager.go:113","msg":"    Pass pre stage percentage:            0.00%"}
{"level":"info","time":"2025-06-28T12:29:06.145+0600","caller":"jobmanager/JobSummaryManager.go:113","msg":"    Failed pre stage percentage:          100.00%"}
{"level":"info","time":"2025-06-28T12:29:06.145+0600","caller":"jobmanager/JobSummaryManager.go:113","msg":"    Pass test stage percentage:           0.00%"}
{"level":"info","time":"2025-06-28T12:29:06.146+0600","caller":"jobmanager/JobSummaryManager.go:113","msg":"    Failed test stage percentage:         0.00%"}
{"level":"info","time":"2025-06-28T12:29:06.147+0600","caller":"jobmanager/JobSummaryManager.go:113","msg":"    Pass post stage percentage:           0.00%"}
{"level":"info","time":"2025-06-28T12:29:06.147+0600","caller":"jobmanager/JobSummaryManager.go:113","msg":"    Failed post stage percentage:         0.00%"}
{"level":"info","time":"2025-06-28T12:29:06.147+0600","caller":"jobmanager/JobSummaryManager.go:113","msg":"    Failed Tasks:                         1"}
{"level":"info","time":"2025-06-28T12:29:06.148+0600","caller":"jobmanager/JobSummaryManager.go:58","msg":""}
{"level":"debug","time":"2025-06-28T12:29:35.318+0600","caller":"cmd/bin.go:397","msg":"Exiting application due to error Failed tasks found."}
{"level":"debug","time":"2025-06-28T12:29:35.318+0600","caller":"cmd/bin.go:358","msg":"main: all goroutines have finished."}
{"level":"debug","time":"2025-06-28T12:32:18.973+0600","caller":"cmd/bin.go:144","msg":"cli os: windows, cli arch: amd64"}
{"level":"debug","time":"2025-06-28T12:32:19.844+0600","caller":"cmd/bin.go:153","msg":"Upstream version details: {Name:cli Min:0.2.205 Max:0.2.285} "}
{"level":"info","time":"2025-06-28T12:32:19.845+0600","caller":"cmd/bin.go:201","msg":"Generating TraceID for tracking request: 01JYTKS7CVFGSZ7MY8KNQNFGAA \n"}
{"level":"debug","time":"2025-06-28T12:32:23.836+0600","caller":"core/lifecycle.go:108","msg":"Setting environment"}
{"level":"debug","time":"2025-06-28T12:32:23.838+0600","caller":"core/lifecycle.go:111","msg":"Parsing config"}
{"level":"debug","time":"2025-06-28T12:32:23.839+0600","caller":"yamlconfigmanager/setup.go:717","msg":"Custom location for .hyperexecute.yaml specified. Using: hyperexecute.yaml"}
{"level":"debug","time":"2025-06-28T12:32:23.840+0600","caller":"yamlconfigmanager/setup.go:117","msg":"using hyperexecute config from : hyperexecute.yaml"}
{"level":"debug","time":"2025-06-28T12:32:24.921+0600","caller":"yamlconfigmanager/setup.go:2117","msg":"Autodetecting test type in files of path : C:\\Users\\HP\\OneDrive\\Desktop\\LamdatestPlaywright102Assignment"}
{"level":"debug","time":"2025-06-28T12:32:24.922+0600","caller":"yamlconfigmanager/setup.go:2159","msg":"File in which test type is detected - C:\\Users\\HP\\OneDrive\\Desktop\\LamdatestPlaywright102Assignment/pom.xml"}
{"level":"debug","time":"2025-06-28T12:32:24.922+0600","caller":"yamlconfigmanager/setup.go:2160","msg":"Pre command in which test type is detected - npm install playwright@1.23.0 --save-exact"}
{"level":"debug","time":"2025-06-28T12:32:24.922+0600","caller":"yamlconfigmanager/setup.go:507","msg":"Automatic test type detected - playwright"}
{"level":"warn","time":"2025-06-28T12:32:24.923+0600","caller":"yamlconfigmanager/setup.go:1182","msg":"Please ensure the value of testSuiteTimeout is set within 150 min. Overriding the specified value to 150 min."}
{"level":"warn","time":"2025-06-28T12:32:24.923+0600","caller":"yamlconfigmanager/setup.go:1191","msg":"Please ensure the value of globalTimeout is set within 150 min. Overriding the specified value to 150 min."}
{"level":"warn","time":"2025-06-28T12:32:24.923+0600","caller":"yamlconfigmanager/setup.go:1200","msg":"Please ensure the value of testSuiteTimeout is set within 150 min. Overriding the specified value to 150 min."}
{"level":"debug","time":"2025-06-28T12:32:24.924+0600","caller":"yamlconfigmanager/setup.go:539","msg":"Tunnel: %!t(<nil>)"}
{"level":"info","time":"2025-06-28T12:32:24.924+0600","caller":"models/HypertestYamlConfig.go:874","msg":"\n\u001b[4m\u001b[1m\u001b[97mExecution Plan\u001b[0m\u001b[22m\u001b[24m"}
{"level":"info","time":"2025-06-28T12:32:24.925+0600","caller":"models/HypertestYamlConfig.go:735","msg":"Runson:    \u001b[36mlinux\u001b[0m"}
{"level":"info","time":"2025-06-28T12:32:24.925+0600","caller":"models/HypertestYamlConfig.go:743","msg":"Concurrency:    \u001b[36m2\u001b[0m"}
{"level":"info","time":"2025-06-28T12:32:24.925+0600","caller":"models/HypertestYamlConfig.go:807","msg":"Report:    \u001b[36mdisabled\u001b[0m"}
{"level":"info","time":"2025-06-28T12:32:24.926+0600","caller":"models/HypertestYamlConfig.go:839","msg":"Cache Directories:"}
{"level":"info","time":"2025-06-28T12:32:24.926+0600","caller":"models/HypertestYamlConfig.go:841","msg":"    \u001b[36mm2_cache_dir\u001b[0m"}
{"level":"info","time":"2025-06-28T12:32:24.926+0600","caller":"models/HypertestYamlConfig.go:887","msg":""}
{"level":"debug","time":"2025-06-28T12:32:24.926+0600","caller":"filevalidator/setup.go:49","msg":"Warning: Checking data.json file in current directory, no dataJsonPath found in .hyperexecute.yaml"}
{"level":"debug","time":"2025-06-28T12:32:24.926+0600","caller":"filevalidator/setup.go:53","msg":"Warning: data.json file doesn't exist"}
{"level":"info","time":"2025-06-28T12:32:26.908+0600","caller":"core/lifecycle.go:438","msg":"\u001b[102m\u001b[1m\u001b[30mYou've consumed 1.33 % of your limit. Free trial mins left - 296.00\u001b[0m\u001b[22m\u001b[0m"}
{"level":"debug","time":"2025-06-28T12:32:26.909+0600","caller":"core/lifecycle.go:517","msg":"Job ID: 898a0418-2cf6-4e23-be13-b37d14132e73"}
{"level":"debug","time":"2025-06-28T12:32:26.909+0600","caller":"events/manager.go:95","msg":"Starting event manager"}
{"level":"debug","time":"2025-06-28T12:32:26.910+0600","caller":"core/lifecycle.go:520","msg":"User - mehedi159021, triggered job with ID 898a0418-2cf6-4e23-be13-b37d14132e73 from CLI"}
{"level":"debug","time":"2025-06-28T12:32:26.910+0600","caller":"events/manager.go:97","msg":"SSE enabled, getting SSE connection"}
{"level":"debug","time":"2025-06-28T12:32:26.910+0600","caller":"core/lifecycle.go:523","msg":"User has provided playwright as test type for the job with ID 898a0418-2cf6-4e23-be13-b37d14132e73"}
{"level":"debug","time":"2025-06-28T12:32:26.916+0600","caller":"archivemanager/setup.go:340","msg":"digestMap: map[]"}
{"level":"debug","time":"2025-06-28T12:32:26.917+0600","caller":"archivemanager/setup.go:346","msg":"Creating archive of target directory: C:\\Users\\HP\\OneDrive\\Desktop\\LamdatestPlaywright102Assignment"}
{"level":"debug","time":"2025-06-28T12:32:27.022+0600","caller":"core/lifecycle.go:666","msg":"Zip file size: 128.90 kB"}
{"level":"debug","time":"2025-06-28T12:32:27.023+0600","caller":"core/lifecycle.go:676","msg":"Archive location: C:\\Users\\HP\\OneDrive\\Desktop\\LamdatestPlaywright102Assignment\\hyperexecute-code-898a0418-2cf6-4e23-be13-b37d14132e73.zip\n"}
{"level":"debug","time":"2025-06-28T12:32:27.065+0600","caller":"storage/azure.go:59","msg":"Payload size: 128.90 kB, source path C:\\Users\\HP\\OneDrive\\Desktop\\LamdatestPlaywright102Assignment\\hyperexecute-code-898a0418-2cf6-4e23-be13-b37d14132e73.zip"}
{"level":"debug","time":"2025-06-28T12:32:28.389+0600","caller":"events/manager.go:277","msg":"connection to hyperexecute server established successfully."}
{"level":"info","time":"2025-06-28T12:32:40.293+0600","caller":"storage/azure.go:114","msg":"File: C:\\Users\\HP\\OneDrive\\Desktop\\LamdatestPlaywright102Assignment\\hyperexecute-code-898a0418-2cf6-4e23-be13-b37d14132e73.zip upload completed in 13.269133s"}
{"level":"debug","time":"2025-06-28T12:32:40.294+0600","caller":"receptionmanager/setup.go:267","msg":"number of entries in runtimes: 0, switching to new yaml format"}
{"level":"debug","time":"2025-06-28T12:32:40.294+0600","caller":"receptionmanager/setup.go:296","msg":"number of entries in partialreports: 0, switching to new yaml format"}
{"level":"debug","time":"2025-06-28T12:32:40.295+0600","caller":"receptionmanager/setup.go:184","msg":"Uploading yaml : C:\\Users\\HP\\OneDrive\\Desktop\\LamdatestPlaywright102Assignment\\.updatedhyperexecute.yaml"}
{"level":"debug","time":"2025-06-28T12:32:40.310+0600","caller":"storage/azure.go:59","msg":"Payload size: 3.45 kB, source path C:\\Users\\HP\\OneDrive\\Desktop\\LamdatestPlaywright102Assignment\\.updatedhyperexecute.yaml"}
{"level":"info","time":"2025-06-28T12:32:53.595+0600","caller":"storage/azure.go:114","msg":"File: C:\\Users\\HP\\OneDrive\\Desktop\\LamdatestPlaywright102Assignment\\.updatedhyperexecute.yaml upload completed in 13.2993972s"}
{"level":"debug","time":"2025-06-28T12:32:53.596+0600","caller":"core/lifecycle.go:703","msg":"Successfully deleted code archive: C:\\Users\\HP\\OneDrive\\Desktop\\LamdatestPlaywright102Assignment\\hyperexecute-code-898a0418-2cf6-4e23-be13-b37d14132e73.zip\n"}
{"level":"debug","time":"2025-06-28T12:32:53.612+0600","caller":"storage/azure.go:59","msg":"Payload size: 522 B, source path mask-898a0418-2cf6-4e23-be13-b37d14132e73.yaml"}
{"level":"info","time":"2025-06-28T12:33:04.873+0600","caller":"storage/azure.go:114","msg":"File: mask-898a0418-2cf6-4e23-be13-b37d14132e73.yaml upload completed in 11.2734366s"}
{"level":"debug","time":"2025-06-28T12:33:07.078+0600","caller":"jobmanager/sse_setup.go:199","msg":"Task id: HYPL-2541526-1751092388156228331CME"}
{"level":"debug","time":"2025-06-28T12:33:07.079+0600","caller":"jobmanager/sse_setup.go:200","msg":"Sending new task alert to stage manager for taskId: HYPL-2541526-1751092388156228331CME"}
{"level":"info","time":"2025-06-28T12:33:08.051+0600","caller":"terminal/terminal.go:187","msg":"✔ [1]  cache-download (0s)\n"}
{"level":"info","time":"2025-06-28T12:33:08.836+0600","caller":"jobmanager/sse_setup.go:85","msg":"\nJob 898a0418-2cf6-4e23-be13-b37d14132e73 has started RUNNING"}
{"level":"info","time":"2025-06-28T12:33:08.836+0600","caller":"jobmanager/manager.go:143","msg":"Job Link: https://hyperexecute.lambdatest.com/hyperexecute/task?jobId=898a0418-2cf6-4e23-be13-b37d14132e73\n"}
{"level":"info","time":"2025-06-28T12:33:32.162+0600","caller":"terminal/terminal.go:187","msg":"x [1]  pre (24s)\n"}
{"level":"info","time":"2025-06-28T12:33:34.390+0600","caller":"jobmanager/sse_setup.go:87","msg":"\nJob 898a0418-2cf6-4e23-be13-b37d14132e73 has  FAILED "}
{"level":"info","time":"2025-06-28T12:33:34.391+0600","caller":"jobmanager/manager.go:143","msg":"Job Link: https://hyperexecute.lambdatest.com/hyperexecute/task?jobId=898a0418-2cf6-4e23-be13-b37d14132e73\n"}
{"level":"error","time":"2025-06-28T12:33:34.401+0600","caller":"jobmanager/sse_setup.go:128","msg":"2025-06-28T12:32:18+06:00    error    ERR::JOB::STS     Job failed!"}
{"level":"debug","time":"2025-06-28T12:33:34.402+0600","caller":"jobmanager/sse_setup.go:141","msg":"\n\nJob status"}
{"level":"info","time":"2025-06-28T12:33:34.402+0600","caller":"jobmanager/sse_setup.go:156","msg":" ID: 898a0418-2cf6-4e23-be13-b37d14132e73\n Status:  FAILED \n Remark: Job failed at prerun step. Please check your Yaml configuration.\n OrgID: 2541526\n Created: 2025-06-28 06:32:28 +0000 UTC\n Updated: 2025-06-28 06:33:33 +0000 UTC\n global timeout: 150\n testsuite timeout: 150\n retry on failure: false\n start time: 2025-06-28 06:33:09 +0000 UTC\n end time: 2025-06-28 06:33:33 +0000 UTC\n duration: 24s"}
{"level":"info","time":"2025-06-28T12:33:34.403+0600","caller":"jobmanager/sse_setup.go:162","msg":"\n\nTask status\n"}
{"level":"info","time":"2025-06-28T12:33:34.404+0600","caller":"jobmanager/sse_setup.go:168","msg":" ID: HYPL-2541526-1751092388156228331CME\n Status: failed\n Remark: Job failed at prerun step. Please check your Yaml configuration.\n Created: 2025-06-28 06:33:08 +0000 UTC\n Updated: 2025-06-28 06:33:33 +0000 UTC\n context: {\"_jobId\": \"898a0418-2cf6-4e23-be13-b37d14132e73\", \"_taskId\": \"HYPL-2541526-1751092388156228331CME\", \"_sanctumIntent\": \"hyperexecute-linux\", \"_adbEspressoSupport\": \"true\", \"_whiteLabelProductTag\": \"\"}\n tunnel name: \n os: linux\n start time: 2025-06-28 06:33:09 +0000 UTC\n end time: 2025-06-28 06:33:33 +0000 UTC\n duration: 24s"}
{"level":"info","time":"2025-06-28T12:33:34.404+0600","caller":"jobmanager/sse_setup.go:173","msg":"\n"}
{"level":"info","time":"2025-06-28T12:33:34.405+0600","caller":"core/lifecycle.go:788","msg":"taskId:HYPL-2541526-1751092388156228331CME has failed with remark: Job failed at prerun step. Please check your Yaml configuration.\n"}
{"level":"debug","time":"2025-06-28T12:33:34.406+0600","caller":"core/lifecycle.go:881","msg":"Context canceled"}
{"level":"info","time":"2025-06-28T12:33:34.406+0600","caller":"core/lifecycle.go:884","msg":"Stopping pipeline gracefully"}
{"level":"error","time":"2025-06-28T12:33:34.407+0600","caller":"core/lifecycle.go:887","msg":"2025-06-28T12:32:18+06:00    error    Exiting with error: Failed tasks found."}
{"level":"info","time":"2025-06-28T12:33:34.408+0600","caller":"jobmanager/manager.go:143","msg":"Job Link: https://hyperexecute.lambdatest.com/hyperexecute/task?jobId=898a0418-2cf6-4e23-be13-b37d14132e73\n"}
{"level":"debug","time":"2025-06-28T12:33:34.409+0600","caller":"core/lifecycle.go:59","msg":"Quit requested from main goroutine...."}
{"level":"debug","time":"2025-06-28T12:33:34.409+0600","caller":"core/lifecycle.go:60","msg":"Waiting for the goroutines to exit"}
{"level":"info","time":"2025-06-28T12:33:35.204+0600","caller":"jobmanager/JobSummaryManager.go:54","msg":"\n FAILED \n"}
{"level":"info","time":"2025-06-28T12:33:35.205+0600","caller":"jobmanager/JobSummaryManager.go:113","msg":"    Test Execution Time:                  0s"}
{"level":"info","time":"2025-06-28T12:33:35.206+0600","caller":"jobmanager/JobSummaryManager.go:113","msg":"    Job Duration Time:                    24s"}
{"level":"info","time":"2025-06-28T12:33:35.206+0600","caller":"jobmanager/JobSummaryManager.go:113","msg":"    Total Tasks:                          1"}
{"level":"info","time":"2025-06-28T12:33:35.207+0600","caller":"jobmanager/JobSummaryManager.go:113","msg":"    Cumulative Time Consumed:             24s"}
{"level":"info","time":"2025-06-28T12:33:35.208+0600","caller":"jobmanager/JobSummaryManager.go:113","msg":"    Total Stages:                         1"}
{"level":"info","time":"2025-06-28T12:33:35.208+0600","caller":"jobmanager/JobSummaryManager.go:113","msg":"    Pass discovery stage percentage:      0.00%"}
{"level":"info","time":"2025-06-28T12:33:35.208+0600","caller":"jobmanager/JobSummaryManager.go:113","msg":"    Failed discovery stage percentage:    0.00%"}
{"level":"info","time":"2025-06-28T12:33:35.210+0600","caller":"jobmanager/JobSummaryManager.go:113","msg":"    Pass pre stage percentage:            0.00%"}
{"level":"info","time":"2025-06-28T12:33:35.210+0600","caller":"jobmanager/JobSummaryManager.go:113","msg":"    Failed pre stage percentage:          100.00%"}
{"level":"info","time":"2025-06-28T12:33:35.210+0600","caller":"jobmanager/JobSummaryManager.go:113","msg":"    Pass test stage percentage:           0.00%"}
{"level":"info","time":"2025-06-28T12:33:35.211+0600","caller":"jobmanager/JobSummaryManager.go:113","msg":"    Failed test stage percentage:         0.00%"}
{"level":"info","time":"2025-06-28T12:33:35.212+0600","caller":"jobmanager/JobSummaryManager.go:113","msg":"    Pass post stage percentage:           0.00%"}
{"level":"info","time":"2025-06-28T12:33:35.212+0600","caller":"jobmanager/JobSummaryManager.go:113","msg":"    Failed post stage percentage:         0.00%"}
{"level":"info","time":"2025-06-28T12:33:35.213+0600","caller":"jobmanager/JobSummaryManager.go:113","msg":"    Failed Tasks:                         1"}
{"level":"info","time":"2025-06-28T12:33:35.213+0600","caller":"jobmanager/JobSummaryManager.go:58","msg":""}
{"level":"debug","time":"2025-06-28T12:34:04.411+0600","caller":"cmd/bin.go:358","msg":"main: all goroutines have finished."}
{"level":"debug","time":"2025-06-28T12:34:04.411+0600","caller":"cmd/bin.go:397","msg":"Exiting application due to error Failed tasks found."}
{"level":"debug","time":"2025-06-28T12:37:03.670+0600","caller":"cmd/bin.go:144","msg":"cli os: windows, cli arch: amd64"}
{"level":"debug","time":"2025-06-28T12:37:04.656+0600","caller":"cmd/bin.go:153","msg":"Upstream version details: {Name:cli Min:0.2.205 Max:0.2.285} "}
{"level":"info","time":"2025-06-28T12:37:04.657+0600","caller":"cmd/bin.go:201","msg":"Generating TraceID for tracking request: 01JYTM1X87BDHV4J3JXWXJDFYP \n"}
{"level":"debug","time":"2025-06-28T12:37:08.874+0600","caller":"core/lifecycle.go:108","msg":"Setting environment"}
{"level":"debug","time":"2025-06-28T12:37:08.877+0600","caller":"core/lifecycle.go:111","msg":"Parsing config"}
{"level":"debug","time":"2025-06-28T12:37:08.877+0600","caller":"yamlconfigmanager/setup.go:717","msg":"Custom location for .hyperexecute.yaml specified. Using: hyperexecute.yaml"}
{"level":"debug","time":"2025-06-28T12:37:08.878+0600","caller":"yamlconfigmanager/setup.go:117","msg":"using hyperexecute config from : hyperexecute.yaml"}
{"level":"debug","time":"2025-06-28T12:37:09.945+0600","caller":"yamlconfigmanager/setup.go:2117","msg":"Autodetecting test type in files of path : C:\\Users\\HP\\OneDrive\\Desktop\\LamdatestPlaywright102Assignment"}
{"level":"debug","time":"2025-06-28T12:37:09.948+0600","caller":"yamlconfigmanager/setup.go:2159","msg":"File in which test type is detected - C:\\Users\\HP\\OneDrive\\Desktop\\LamdatestPlaywright102Assignment/pom.xml"}
{"level":"debug","time":"2025-06-28T12:37:09.948+0600","caller":"yamlconfigmanager/setup.go:2160","msg":"Pre command in which test type is detected - npm install playwright@1.23.0 --save-exact"}
{"level":"debug","time":"2025-06-28T12:37:09.948+0600","caller":"yamlconfigmanager/setup.go:507","msg":"Automatic test type detected - playwright"}
{"level":"warn","time":"2025-06-28T12:37:09.950+0600","caller":"yamlconfigmanager/setup.go:1182","msg":"Please ensure the value of testSuiteTimeout is set within 150 min. Overriding the specified value to 150 min."}
{"level":"warn","time":"2025-06-28T12:37:09.950+0600","caller":"yamlconfigmanager/setup.go:1191","msg":"Please ensure the value of globalTimeout is set within 150 min. Overriding the specified value to 150 min."}
{"level":"warn","time":"2025-06-28T12:37:09.950+0600","caller":"yamlconfigmanager/setup.go:1200","msg":"Please ensure the value of testSuiteTimeout is set within 150 min. Overriding the specified value to 150 min."}
{"level":"debug","time":"2025-06-28T12:37:09.951+0600","caller":"yamlconfigmanager/setup.go:539","msg":"Tunnel: %!t(<nil>)"}
{"level":"info","time":"2025-06-28T12:37:09.952+0600","caller":"models/HypertestYamlConfig.go:874","msg":"\n\u001b[4m\u001b[1m\u001b[97mExecution Plan\u001b[0m\u001b[22m\u001b[24m"}
{"level":"info","time":"2025-06-28T12:37:09.952+0600","caller":"models/HypertestYamlConfig.go:735","msg":"Runson:    \u001b[36mlinux\u001b[0m"}
{"level":"info","time":"2025-06-28T12:37:09.952+0600","caller":"models/HypertestYamlConfig.go:743","msg":"Concurrency:    \u001b[36m2\u001b[0m"}
{"level":"info","time":"2025-06-28T12:37:09.953+0600","caller":"models/HypertestYamlConfig.go:807","msg":"Report:    \u001b[36mdisabled\u001b[0m"}
{"level":"info","time":"2025-06-28T12:37:09.954+0600","caller":"models/HypertestYamlConfig.go:839","msg":"Cache Directories:"}
{"level":"info","time":"2025-06-28T12:37:09.954+0600","caller":"models/HypertestYamlConfig.go:841","msg":"    \u001b[36mm2_cache_dir\u001b[0m"}
{"level":"info","time":"2025-06-28T12:37:09.954+0600","caller":"models/HypertestYamlConfig.go:887","msg":""}
{"level":"debug","time":"2025-06-28T12:37:09.954+0600","caller":"filevalidator/setup.go:49","msg":"Warning: Checking data.json file in current directory, no dataJsonPath found in .hyperexecute.yaml"}
{"level":"debug","time":"2025-06-28T12:37:09.956+0600","caller":"filevalidator/setup.go:53","msg":"Warning: data.json file doesn't exist"}
{"level":"info","time":"2025-06-28T12:37:11.060+0600","caller":"core/lifecycle.go:438","msg":"\u001b[102m\u001b[1m\u001b[30mYou've consumed 1.67 % of your limit. Free trial mins left - 295.00\u001b[0m\u001b[22m\u001b[0m"}
{"level":"debug","time":"2025-06-28T12:37:11.061+0600","caller":"core/lifecycle.go:517","msg":"Job ID: b37912af-64e0-4b6a-88fa-9d639a063bf4"}
{"level":"debug","time":"2025-06-28T12:37:11.061+0600","caller":"events/manager.go:95","msg":"Starting event manager"}
{"level":"debug","time":"2025-06-28T12:37:11.062+0600","caller":"events/manager.go:97","msg":"SSE enabled, getting SSE connection"}
{"level":"debug","time":"2025-06-28T12:37:11.061+0600","caller":"core/lifecycle.go:520","msg":"User - mehedi159021, triggered job with ID b37912af-64e0-4b6a-88fa-9d639a063bf4 from CLI"}
{"level":"debug","time":"2025-06-28T12:37:11.063+0600","caller":"core/lifecycle.go:523","msg":"User has provided playwright as test type for the job with ID b37912af-64e0-4b6a-88fa-9d639a063bf4"}
{"level":"debug","time":"2025-06-28T12:37:11.069+0600","caller":"archivemanager/setup.go:340","msg":"digestMap: map[]"}
{"level":"debug","time":"2025-06-28T12:37:11.069+0600","caller":"archivemanager/setup.go:346","msg":"Creating archive of target directory: C:\\Users\\HP\\OneDrive\\Desktop\\LamdatestPlaywright102Assignment"}
{"level":"debug","time":"2025-06-28T12:37:11.168+0600","caller":"core/lifecycle.go:666","msg":"Zip file size: 128.90 kB"}
{"level":"debug","time":"2025-06-28T12:37:11.170+0600","caller":"core/lifecycle.go:676","msg":"Archive location: C:\\Users\\HP\\OneDrive\\Desktop\\LamdatestPlaywright102Assignment\\hyperexecute-code-b37912af-64e0-4b6a-88fa-9d639a063bf4.zip\n"}
{"level":"debug","time":"2025-06-28T12:37:11.223+0600","caller":"storage/azure.go:59","msg":"Payload size: 128.90 kB, source path C:\\Users\\HP\\OneDrive\\Desktop\\LamdatestPlaywright102Assignment\\hyperexecute-code-b37912af-64e0-4b6a-88fa-9d639a063bf4.zip"}
{"level":"debug","time":"2025-06-28T12:37:12.512+0600","caller":"events/manager.go:277","msg":"connection to hyperexecute server established successfully."}
{"level":"info","time":"2025-06-28T12:37:24.462+0600","caller":"storage/azure.go:114","msg":"File: C:\\Users\\HP\\OneDrive\\Desktop\\LamdatestPlaywright102Assignment\\hyperexecute-code-b37912af-64e0-4b6a-88fa-9d639a063bf4.zip upload completed in 13.2920132s"}
{"level":"debug","time":"2025-06-28T12:37:24.463+0600","caller":"receptionmanager/setup.go:267","msg":"number of entries in runtimes: 0, switching to new yaml format"}
{"level":"debug","time":"2025-06-28T12:37:24.463+0600","caller":"receptionmanager/setup.go:296","msg":"number of entries in partialreports: 0, switching to new yaml format"}
{"level":"debug","time":"2025-06-28T12:37:24.464+0600","caller":"receptionmanager/setup.go:184","msg":"Uploading yaml : C:\\Users\\HP\\OneDrive\\Desktop\\LamdatestPlaywright102Assignment\\.updatedhyperexecute.yaml"}
{"level":"debug","time":"2025-06-28T12:37:24.480+0600","caller":"storage/azure.go:59","msg":"Payload size: 3.45 kB, source path C:\\Users\\HP\\OneDrive\\Desktop\\LamdatestPlaywright102Assignment\\.updatedhyperexecute.yaml"}
{"level":"info","time":"2025-06-28T12:37:35.703+0600","caller":"storage/azure.go:114","msg":"File: C:\\Users\\HP\\OneDrive\\Desktop\\LamdatestPlaywright102Assignment\\.updatedhyperexecute.yaml upload completed in 11.2387871s"}
{"level":"debug","time":"2025-06-28T12:37:35.704+0600","caller":"core/lifecycle.go:703","msg":"Successfully deleted code archive: C:\\Users\\HP\\OneDrive\\Desktop\\LamdatestPlaywright102Assignment\\hyperexecute-code-b37912af-64e0-4b6a-88fa-9d639a063bf4.zip\n"}
{"level":"debug","time":"2025-06-28T12:37:35.708+0600","caller":"storage/azure.go:59","msg":"Payload size: 522 B, source path mask-b37912af-64e0-4b6a-88fa-9d639a063bf4.yaml"}
{"level":"info","time":"2025-06-28T12:37:46.972+0600","caller":"storage/azure.go:114","msg":"File: mask-b37912af-64e0-4b6a-88fa-9d639a063bf4.yaml upload completed in 11.2655373s"}
{"level":"debug","time":"2025-06-28T12:37:49.203+0600","caller":"jobmanager/sse_setup.go:199","msg":"Task id: HYPL-2541526-1751092670295844151WEY"}
{"level":"debug","time":"2025-06-28T12:37:49.204+0600","caller":"jobmanager/sse_setup.go:200","msg":"Sending new task alert to stage manager for taskId: HYPL-2541526-1751092670295844151WEY"}
{"level":"info","time":"2025-06-28T12:37:50.406+0600","caller":"terminal/terminal.go:187","msg":"✔ [1]  cache-download (1s)\n"}
{"level":"info","time":"2025-06-28T12:37:51.176+0600","caller":"jobmanager/sse_setup.go:85","msg":"\nJob b37912af-64e0-4b6a-88fa-9d639a063bf4 has started RUNNING"}
{"level":"info","time":"2025-06-28T12:37:51.177+0600","caller":"jobmanager/manager.go:143","msg":"Job Link: https://hyperexecute.lambdatest.com/hyperexecute/task?jobId=b37912af-64e0-4b6a-88fa-9d639a063bf4\n"}
{"level":"info","time":"2025-06-28T12:38:15.838+0600","caller":"terminal/terminal.go:187","msg":"x [1]  pre (26s)\n"}
{"level":"info","time":"2025-06-28T12:38:18.005+0600","caller":"jobmanager/sse_setup.go:87","msg":"\nJob b37912af-64e0-4b6a-88fa-9d639a063bf4 has  FAILED "}
{"level":"info","time":"2025-06-28T12:38:18.006+0600","caller":"jobmanager/manager.go:143","msg":"Job Link: https://hyperexecute.lambdatest.com/hyperexecute/task?jobId=b37912af-64e0-4b6a-88fa-9d639a063bf4\n"}
{"level":"error","time":"2025-06-28T12:38:18.018+0600","caller":"jobmanager/sse_setup.go:128","msg":"2025-06-28T12:37:02+06:00    error    ERR::JOB::STS     Job failed!"}
{"level":"debug","time":"2025-06-28T12:38:18.019+0600","caller":"jobmanager/sse_setup.go:141","msg":"\n\nJob status"}
{"level":"info","time":"2025-06-28T12:38:18.019+0600","caller":"jobmanager/sse_setup.go:156","msg":" ID: b37912af-64e0-4b6a-88fa-9d639a063bf4\n Status:  FAILED \n Remark: Job failed at prerun step. Please check your Yaml configuration.\n OrgID: 2541526\n Created: 2025-06-28 06:37:13 +0000 UTC\n Updated: 2025-06-28 06:38:17 +0000 UTC\n global timeout: 150\n testsuite timeout: 150\n retry on failure: false\n start time: 2025-06-28 06:37:51 +0000 UTC\n end time: 2025-06-28 06:38:17 +0000 UTC\n duration: 26s"}
{"level":"info","time":"2025-06-28T12:38:18.020+0600","caller":"jobmanager/sse_setup.go:162","msg":"\n\nTask status\n"}
{"level":"info","time":"2025-06-28T12:38:18.020+0600","caller":"jobmanager/sse_setup.go:168","msg":" ID: HYPL-2541526-1751092670295844151WEY\n Status: failed\n Remark: Job failed at prerun step. Please check your Yaml configuration.\n Created: 2025-06-28 06:37:50 +0000 UTC\n Updated: 2025-06-28 06:38:17 +0000 UTC\n context: {\"_jobId\": \"b37912af-64e0-4b6a-88fa-9d639a063bf4\", \"_taskId\": \"HYPL-2541526-1751092670295844151WEY\", \"_sanctumIntent\": \"hyperexecute-linux\", \"_adbEspressoSupport\": \"true\", \"_whiteLabelProductTag\": \"\"}\n tunnel name: \n os: linux\n start time: 2025-06-28 06:37:51 +0000 UTC\n end time: 2025-06-28 06:38:17 +0000 UTC\n duration: 26s"}
{"level":"info","time":"2025-06-28T12:38:18.022+0600","caller":"jobmanager/sse_setup.go:173","msg":"\n"}
{"level":"info","time":"2025-06-28T12:38:18.022+0600","caller":"core/lifecycle.go:788","msg":"taskId:HYPL-2541526-1751092670295844151WEY has failed with remark: Job failed at prerun step. Please check your Yaml configuration.\n"}
{"level":"debug","time":"2025-06-28T12:38:18.023+0600","caller":"core/lifecycle.go:881","msg":"Context canceled"}
{"level":"info","time":"2025-06-28T12:38:18.023+0600","caller":"core/lifecycle.go:884","msg":"Stopping pipeline gracefully"}
{"level":"error","time":"2025-06-28T12:38:18.024+0600","caller":"core/lifecycle.go:887","msg":"2025-06-28T12:37:02+06:00    error    Exiting with error: Failed tasks found."}
{"level":"info","time":"2025-06-28T12:38:18.025+0600","caller":"jobmanager/manager.go:143","msg":"Job Link: https://hyperexecute.lambdatest.com/hyperexecute/task?jobId=b37912af-64e0-4b6a-88fa-9d639a063bf4\n"}
{"level":"debug","time":"2025-06-28T12:38:18.026+0600","caller":"core/lifecycle.go:59","msg":"Quit requested from main goroutine...."}
{"level":"debug","time":"2025-06-28T12:38:18.026+0600","caller":"core/lifecycle.go:60","msg":"Waiting for the goroutines to exit"}
{"level":"info","time":"2025-06-28T12:38:18.947+0600","caller":"jobmanager/JobSummaryManager.go:54","msg":"\n FAILED \n"}
{"level":"info","time":"2025-06-28T12:38:18.947+0600","caller":"jobmanager/JobSummaryManager.go:113","msg":"    Test Execution Time:                  0s"}
{"level":"info","time":"2025-06-28T12:38:18.948+0600","caller":"jobmanager/JobSummaryManager.go:113","msg":"    Job Duration Time:                    26s"}
{"level":"info","time":"2025-06-28T12:38:18.948+0600","caller":"jobmanager/JobSummaryManager.go:113","msg":"    Total Tasks:                          1"}
{"level":"info","time":"2025-06-28T12:38:18.949+0600","caller":"jobmanager/JobSummaryManager.go:113","msg":"    Cumulative Time Consumed:             26s"}
{"level":"info","time":"2025-06-28T12:38:18.950+0600","caller":"jobmanager/JobSummaryManager.go:113","msg":"    Total Stages:                         1"}
{"level":"info","time":"2025-06-28T12:38:18.950+0600","caller":"jobmanager/JobSummaryManager.go:113","msg":"    Pass discovery stage percentage:      0.00%"}
{"level":"info","time":"2025-06-28T12:38:18.950+0600","caller":"jobmanager/JobSummaryManager.go:113","msg":"    Failed discovery stage percentage:    0.00%"}
{"level":"info","time":"2025-06-28T12:38:18.952+0600","caller":"jobmanager/JobSummaryManager.go:113","msg":"    Pass pre stage percentage:            0.00%"}
{"level":"info","time":"2025-06-28T12:38:18.952+0600","caller":"jobmanager/JobSummaryManager.go:113","msg":"    Failed pre stage percentage:          100.00%"}
{"level":"info","time":"2025-06-28T12:38:18.952+0600","caller":"jobmanager/JobSummaryManager.go:113","msg":"    Pass test stage percentage:           0.00%"}
{"level":"info","time":"2025-06-28T12:38:18.953+0600","caller":"jobmanager/JobSummaryManager.go:113","msg":"    Failed test stage percentage:         0.00%"}
{"level":"info","time":"2025-06-28T12:38:18.953+0600","caller":"jobmanager/JobSummaryManager.go:113","msg":"    Pass post stage percentage:           0.00%"}
{"level":"info","time":"2025-06-28T12:38:18.954+0600","caller":"jobmanager/JobSummaryManager.go:113","msg":"    Failed post stage percentage:         0.00%"}
{"level":"info","time":"2025-06-28T12:38:18.954+0600","caller":"jobmanager/JobSummaryManager.go:113","msg":"    Failed Tasks:                         1"}
{"level":"info","time":"2025-06-28T12:38:18.954+0600","caller":"jobmanager/JobSummaryManager.go:58","msg":""}
{"level":"debug","time":"2025-06-28T12:38:48.027+0600","caller":"cmd/bin.go:358","msg":"main: all goroutines have finished."}
{"level":"debug","time":"2025-06-28T12:38:48.027+0600","caller":"cmd/bin.go:397","msg":"Exiting application due to error Failed tasks found."}
