<?xml version="1.0" encoding="UTF-8"?>
<testsuite xmlns:xsi="http://www.w3.org/2001/XMLSchema-instance" xsi:noNamespaceSchemaLocation="https://maven.apache.org/surefire/maven-surefire-plugin/xsd/surefire-test-report-3.0.xsd" version="3.0" name="TestSuite" time="10.923" tests="9" errors="0" skipped="6" failures="3">
  <properties>
[...]
</properties>
  <testcase name="setup" classname="tests.SimpleFormTest" time="8.366">
    <failure message="Error {&#10;  message=&apos;url: expected string, got undefined&#10;  name=&apos;Error&#10;  stack=&apos;Error: url: expected string, got undefined&#10;    at tString (C:\Users\HP\AppData\Local\Temp\playwright-java-491993305141980395\package\lib\protocol\validatorPrimitives.js:58:9)&#10;    at C:\Users\HP\AppData\Local\Temp\playwright-java-491993305141980395\package\lib\protocol\validatorPrimitives.js:107:21&#10;    at DispatcherConnection.dispatch (C:\Users\HP\AppData\Local\Temp\playwright-java-491993305141980395\package\lib\server\dispatchers\dispatcher.js:281:21)&#10;    at transport.onmessage (C:\Users\HP\AppData\Local\Temp\playwright-java-491993305141980395\package\lib\cli\driver.js:52:57)&#10;    at Immediate._onImmediate (C:\Users\HP\AppData\Local\Temp\playwright-java-491993305141980395\package\lib\protocol\transport.js:77:34)&#10;    at process.processImmediate (node:internal/timers:478:21)&#10;}" type="com.microsoft.playwright.PlaywrightException"><![CDATA[com.microsoft.playwright.PlaywrightException: 
Error {
  message='url: expected string, got undefined
  name='Error
  stack='Error: url: expected string, got undefined
    at tString (C:\Users\HP\AppData\Local\Temp\playwright-java-491993305141980395\package\lib\protocol\validatorPrimitives.js:58:9)
    at C:\Users\HP\AppData\Local\Temp\playwright-java-491993305141980395\package\lib\protocol\validatorPrimitives.js:107:21
    at DispatcherConnection.dispatch (C:\Users\HP\AppData\Local\Temp\playwright-java-491993305141980395\package\lib\server\dispatchers\dispatcher.js:281:21)
    at transport.onmessage (C:\Users\HP\AppData\Local\Temp\playwright-java-491993305141980395\package\lib\cli\driver.js:52:57)
    at Immediate._onImmediate (C:\Users\HP\AppData\Local\Temp\playwright-java-491993305141980395\package\lib\protocol\transport.js:77:34)
    at process.processImmediate (node:internal/timers:478:21)
}
	at com.microsoft.playwright.impl.WaitableResult.get(WaitableResult.java:56)
	at com.microsoft.playwright.impl.ChannelOwner.runUntil(ChannelOwner.java:120)
	at com.microsoft.playwright.impl.Connection.sendMessage(Connection.java:130)
	at com.microsoft.playwright.impl.ChannelOwner.sendMessage(ChannelOwner.java:106)
	at com.microsoft.playwright.impl.FrameImpl.navigateImpl(FrameImpl.java:463)
	at com.microsoft.playwright.impl.PageImpl.lambda$navigate$46(PageImpl.java:927)
	at com.microsoft.playwright.impl.LoggingSupport.withLogging(LoggingSupport.java:47)
	at com.microsoft.playwright.impl.ChannelOwner.withLogging(ChannelOwner.java:89)
	at com.microsoft.playwright.impl.PageImpl.navigate(PageImpl.java:927)
	at com.microsoft.playwright.impl.PageImpl.navigate(PageImpl.java:42)
	at com.microsoft.playwright.Page.navigate(Page.java:5530)
	at base.BaseTest.setup(BaseTest.java:20)
	at java.base/jdk.internal.reflect.DirectMethodHandleAccessor.invoke(DirectMethodHandleAccessor.java:103)
	at java.base/java.lang.reflect.Method.invoke(Method.java:580)
	at org.testng.internal.invokers.MethodInvocationHelper.invokeMethod(MethodInvocationHelper.java:139)
	at org.testng.internal.invokers.MethodInvocationHelper.invokeMethodConsideringTimeout(MethodInvocationHelper.java:69)
	at org.testng.internal.invokers.ConfigInvoker.invokeConfigurationMethod(ConfigInvoker.java:393)
	at org.testng.internal.invokers.ConfigInvoker.invokeConfigurations(ConfigInvoker.java:326)
	at org.testng.internal.invokers.TestInvoker.runConfigMethods(TestInvoker.java:810)
	at org.testng.internal.invokers.TestInvoker.invokeMethod(TestInvoker.java:578)
	at org.testng.internal.invokers.TestInvoker.invokeTestMethod(TestInvoker.java:228)
	at org.testng.internal.invokers.MethodRunner.runInSequence(MethodRunner.java:63)
	at org.testng.internal.invokers.TestInvoker$MethodInvocationAgent.invoke(TestInvoker.java:961)
	at org.testng.internal.invokers.TestInvoker.invokeTestMethods(TestInvoker.java:201)
	at org.testng.internal.invokers.TestMethodWorker.invokeTestMethods(TestMethodWorker.java:148)
	at org.testng.internal.invokers.TestMethodWorker.run(TestMethodWorker.java:128)
	at java.base/java.util.ArrayList.forEach(ArrayList.java:1596)
	at org.testng.TestRunner.privateRun(TestRunner.java:819)
	at org.testng.TestRunner.run(TestRunner.java:619)
	at org.testng.SuiteRunner.runTest(SuiteRunner.java:443)
	at org.testng.SuiteRunner$SuiteWorker.run(SuiteRunner.java:481)
	at org.testng.internal.thread.ThreadUtil.lambda$execute$0(ThreadUtil.java:58)
	at java.base/java.util.concurrent.FutureTask.run(FutureTask.java:317)
	at java.base/java.util.concurrent.ThreadPoolExecutor.runWorker(ThreadPoolExecutor.java:1144)
	at java.base/java.util.concurrent.ThreadPoolExecutor$Worker.run(ThreadPoolExecutor.java:642)
	at java.base/java.lang.Thread.run(Thread.java:1583)
Caused by: com.microsoft.playwright.impl.DriverException: Error {
  message='url: expected string, got undefined
  name='Error
  stack='Error: url: expected string, got undefined
    at tString (C:\Users\HP\AppData\Local\Temp\playwright-java-491993305141980395\package\lib\protocol\validatorPrimitives.js:58:9)
    at C:\Users\HP\AppData\Local\Temp\playwright-java-491993305141980395\package\lib\protocol\validatorPrimitives.js:107:21
    at DispatcherConnection.dispatch (C:\Users\HP\AppData\Local\Temp\playwright-java-491993305141980395\package\lib\server\dispatchers\dispatcher.js:281:21)
    at transport.onmessage (C:\Users\HP\AppData\Local\Temp\playwright-java-491993305141980395\package\lib\cli\driver.js:52:57)
    at Immediate._onImmediate (C:\Users\HP\AppData\Local\Temp\playwright-java-491993305141980395\package\lib\protocol\transport.js:77:34)
    at process.processImmediate (node:internal/timers:478:21)
}
	at com.microsoft.playwright.impl.Connection.dispatch(Connection.java:259)
	at com.microsoft.playwright.impl.Connection.processOneMessage(Connection.java:211)
	at com.microsoft.playwright.impl.ChannelOwner.runUntil(ChannelOwner.java:118)
	... 34 more
]]></failure>
    <system-err><![CDATA[SLF4J: Failed to load class "org.slf4j.impl.StaticLoggerBinder".
SLF4J: Defaulting to no-operation (NOP) logger implementation
SLF4J: See http://www.slf4j.org/codes.html#StaticLoggerBinder for further details.
]]></system-err>
  </testcase>
  <testcase name="testSimpleFormDemo" classname="tests.SimpleFormTest" time="0">
    <skipped message="Error {&#10;  message=&apos;url: expected string, got undefined&#10;  name=&apos;Error&#10;  stack=&apos;Error: url: expected string, got undefined&#10;    at tString (C:\Users\HP\AppData\Local\Temp\playwright-java-491993305141980395\package\lib\protocol\validatorPrimitives.js:58:9)&#10;    at C:\Users\HP\AppData\Local\Temp\playwright-java-491993305141980395\package\lib\protocol\validatorPrimitives.js:107:21&#10;    at DispatcherConnection.dispatch (C:\Users\HP\AppData\Local\Temp\playwright-java-491993305141980395\package\lib\server\dispatchers\dispatcher.js:281:21)&#10;    at transport.onmessage (C:\Users\HP\AppData\Local\Temp\playwright-java-491993305141980395\package\lib\cli\driver.js:52:57)&#10;    at Immediate._onImmediate (C:\Users\HP\AppData\Local\Temp\playwright-java-491993305141980395\package\lib\protocol\transport.js:77:34)&#10;    at process.processImmediate (node:internal/timers:478:21)&#10;}"/>
  </testcase>
  <testcase name="teardown" classname="tests.SimpleFormTest" time="0">
    <skipped/>
  </testcase>
  <testcase name="setup" classname="tests.SliderTest" time="0.007">
    <failure message="Error {&#10;  message=&apos;url: expected string, got undefined&#10;  name=&apos;Error&#10;  stack=&apos;Error: url: expected string, got undefined&#10;    at tString (C:\Users\HP\AppData\Local\Temp\playwright-java-491993305141980395\package\lib\protocol\validatorPrimitives.js:58:9)&#10;    at C:\Users\HP\AppData\Local\Temp\playwright-java-491993305141980395\package\lib\protocol\validatorPrimitives.js:107:21&#10;    at DispatcherConnection.dispatch (C:\Users\HP\AppData\Local\Temp\playwright-java-491993305141980395\package\lib\server\dispatchers\dispatcher.js:281:21)&#10;    at transport.onmessage (C:\Users\HP\AppData\Local\Temp\playwright-java-491993305141980395\package\lib\cli\driver.js:52:57)&#10;    at Immediate._onImmediate (C:\Users\HP\AppData\Local\Temp\playwright-java-491993305141980395\package\lib\protocol\transport.js:77:34)&#10;    at process.processImmediate (node:internal/timers:478:21)&#10;}" type="com.microsoft.playwright.PlaywrightException"><![CDATA[com.microsoft.playwright.PlaywrightException: 
Error {
  message='url: expected string, got undefined
  name='Error
  stack='Error: url: expected string, got undefined
    at tString (C:\Users\HP\AppData\Local\Temp\playwright-java-491993305141980395\package\lib\protocol\validatorPrimitives.js:58:9)
    at C:\Users\HP\AppData\Local\Temp\playwright-java-491993305141980395\package\lib\protocol\validatorPrimitives.js:107:21
    at DispatcherConnection.dispatch (C:\Users\HP\AppData\Local\Temp\playwright-java-491993305141980395\package\lib\server\dispatchers\dispatcher.js:281:21)
    at transport.onmessage (C:\Users\HP\AppData\Local\Temp\playwright-java-491993305141980395\package\lib\cli\driver.js:52:57)
    at Immediate._onImmediate (C:\Users\HP\AppData\Local\Temp\playwright-java-491993305141980395\package\lib\protocol\transport.js:77:34)
    at process.processImmediate (node:internal/timers:478:21)
}
	at com.microsoft.playwright.impl.WaitableResult.get(WaitableResult.java:56)
	at com.microsoft.playwright.impl.ChannelOwner.runUntil(ChannelOwner.java:120)
	at com.microsoft.playwright.impl.Connection.sendMessage(Connection.java:130)
	at com.microsoft.playwright.impl.ChannelOwner.sendMessage(ChannelOwner.java:106)
	at com.microsoft.playwright.impl.FrameImpl.navigateImpl(FrameImpl.java:463)
	at com.microsoft.playwright.impl.PageImpl.lambda$navigate$46(PageImpl.java:927)
	at com.microsoft.playwright.impl.LoggingSupport.withLogging(LoggingSupport.java:47)
	at com.microsoft.playwright.impl.ChannelOwner.withLogging(ChannelOwner.java:89)
	at com.microsoft.playwright.impl.PageImpl.navigate(PageImpl.java:927)
	at com.microsoft.playwright.impl.PageImpl.navigate(PageImpl.java:42)
	at com.microsoft.playwright.Page.navigate(Page.java:5530)
	at base.BaseTest.setup(BaseTest.java:20)
	at java.base/jdk.internal.reflect.DirectMethodHandleAccessor.invoke(DirectMethodHandleAccessor.java:103)
	at java.base/java.lang.reflect.Method.invoke(Method.java:580)
	at org.testng.internal.invokers.MethodInvocationHelper.invokeMethod(MethodInvocationHelper.java:139)
	at org.testng.internal.invokers.MethodInvocationHelper.invokeMethodConsideringTimeout(MethodInvocationHelper.java:69)
	at org.testng.internal.invokers.ConfigInvoker.invokeConfigurationMethod(ConfigInvoker.java:393)
	at org.testng.internal.invokers.ConfigInvoker.invokeConfigurations(ConfigInvoker.java:326)
	at org.testng.internal.invokers.TestInvoker.runConfigMethods(TestInvoker.java:810)
	at org.testng.internal.invokers.TestInvoker.invokeMethod(TestInvoker.java:578)
	at org.testng.internal.invokers.TestInvoker.invokeTestMethod(TestInvoker.java:228)
	at org.testng.internal.invokers.MethodRunner.runInSequence(MethodRunner.java:63)
	at org.testng.internal.invokers.TestInvoker$MethodInvocationAgent.invoke(TestInvoker.java:961)
	at org.testng.internal.invokers.TestInvoker.invokeTestMethods(TestInvoker.java:201)
	at org.testng.internal.invokers.TestMethodWorker.invokeTestMethods(TestMethodWorker.java:148)
	at org.testng.internal.invokers.TestMethodWorker.run(TestMethodWorker.java:128)
	at java.base/java.util.ArrayList.forEach(ArrayList.java:1596)
	at org.testng.TestRunner.privateRun(TestRunner.java:819)
	at org.testng.TestRunner.run(TestRunner.java:619)
	at org.testng.SuiteRunner.runTest(SuiteRunner.java:443)
	at org.testng.SuiteRunner$SuiteWorker.run(SuiteRunner.java:481)
	at org.testng.internal.thread.ThreadUtil.lambda$execute$0(ThreadUtil.java:58)
	at java.base/java.util.concurrent.FutureTask.run(FutureTask.java:317)
	at java.base/java.util.concurrent.ThreadPoolExecutor.runWorker(ThreadPoolExecutor.java:1144)
	at java.base/java.util.concurrent.ThreadPoolExecutor$Worker.run(ThreadPoolExecutor.java:642)
	at java.base/java.lang.Thread.run(Thread.java:1583)
Caused by: com.microsoft.playwright.impl.DriverException: Error {
  message='url: expected string, got undefined
  name='Error
  stack='Error: url: expected string, got undefined
    at tString (C:\Users\HP\AppData\Local\Temp\playwright-java-491993305141980395\package\lib\protocol\validatorPrimitives.js:58:9)
    at C:\Users\HP\AppData\Local\Temp\playwright-java-491993305141980395\package\lib\protocol\validatorPrimitives.js:107:21
    at DispatcherConnection.dispatch (C:\Users\HP\AppData\Local\Temp\playwright-java-491993305141980395\package\lib\server\dispatchers\dispatcher.js:281:21)
    at transport.onmessage (C:\Users\HP\AppData\Local\Temp\playwright-java-491993305141980395\package\lib\cli\driver.js:52:57)
    at Immediate._onImmediate (C:\Users\HP\AppData\Local\Temp\playwright-java-491993305141980395\package\lib\protocol\transport.js:77:34)
    at process.processImmediate (node:internal/timers:478:21)
}
	at com.microsoft.playwright.impl.Connection.dispatch(Connection.java:259)
	at com.microsoft.playwright.impl.Connection.processOneMessage(Connection.java:211)
	at com.microsoft.playwright.impl.ChannelOwner.runUntil(ChannelOwner.java:118)
	... 34 more
]]></failure>
  </testcase>
  <testcase name="testSliderTo95" classname="tests.SliderTest" time="0">
    <skipped message="Error {&#10;  message=&apos;url: expected string, got undefined&#10;  name=&apos;Error&#10;  stack=&apos;Error: url: expected string, got undefined&#10;    at tString (C:\Users\HP\AppData\Local\Temp\playwright-java-491993305141980395\package\lib\protocol\validatorPrimitives.js:58:9)&#10;    at C:\Users\HP\AppData\Local\Temp\playwright-java-491993305141980395\package\lib\protocol\validatorPrimitives.js:107:21&#10;    at DispatcherConnection.dispatch (C:\Users\HP\AppData\Local\Temp\playwright-java-491993305141980395\package\lib\server\dispatchers\dispatcher.js:281:21)&#10;    at transport.onmessage (C:\Users\HP\AppData\Local\Temp\playwright-java-491993305141980395\package\lib\cli\driver.js:52:57)&#10;    at Immediate._onImmediate (C:\Users\HP\AppData\Local\Temp\playwright-java-491993305141980395\package\lib\protocol\transport.js:77:34)&#10;    at process.processImmediate (node:internal/timers:478:21)&#10;}"/>
  </testcase>
  <testcase name="teardown" classname="tests.SliderTest" time="0">
    <skipped/>
  </testcase>
  <testcase name="setup" classname="tests.InputFormTest" time="2.216">
    <failure message="Error {&#10;  message=&apos;url: expected string, got undefined&#10;  name=&apos;Error&#10;  stack=&apos;Error: url: expected string, got undefined&#10;    at tString (C:\Users\HP\AppData\Local\Temp\playwright-java-491993305141980395\package\lib\protocol\validatorPrimitives.js:58:9)&#10;    at C:\Users\HP\AppData\Local\Temp\playwright-java-491993305141980395\package\lib\protocol\validatorPrimitives.js:107:21&#10;    at DispatcherConnection.dispatch (C:\Users\HP\AppData\Local\Temp\playwright-java-491993305141980395\package\lib\server\dispatchers\dispatcher.js:281:21)&#10;    at transport.onmessage (C:\Users\HP\AppData\Local\Temp\playwright-java-491993305141980395\package\lib\cli\driver.js:52:57)&#10;    at Immediate._onImmediate (C:\Users\HP\AppData\Local\Temp\playwright-java-491993305141980395\package\lib\protocol\transport.js:77:34)&#10;    at process.processImmediate (node:internal/timers:478:21)&#10;}" type="com.microsoft.playwright.PlaywrightException"><![CDATA[com.microsoft.playwright.PlaywrightException: 
Error {
  message='url: expected string, got undefined
  name='Error
  stack='Error: url: expected string, got undefined
    at tString (C:\Users\HP\AppData\Local\Temp\playwright-java-491993305141980395\package\lib\protocol\validatorPrimitives.js:58:9)
    at C:\Users\HP\AppData\Local\Temp\playwright-java-491993305141980395\package\lib\protocol\validatorPrimitives.js:107:21
    at DispatcherConnection.dispatch (C:\Users\HP\AppData\Local\Temp\playwright-java-491993305141980395\package\lib\server\dispatchers\dispatcher.js:281:21)
    at transport.onmessage (C:\Users\HP\AppData\Local\Temp\playwright-java-491993305141980395\package\lib\cli\driver.js:52:57)
    at Immediate._onImmediate (C:\Users\HP\AppData\Local\Temp\playwright-java-491993305141980395\package\lib\protocol\transport.js:77:34)
    at process.processImmediate (node:internal/timers:478:21)
}
	at com.microsoft.playwright.impl.WaitableResult.get(WaitableResult.java:56)
	at com.microsoft.playwright.impl.ChannelOwner.runUntil(ChannelOwner.java:120)
	at com.microsoft.playwright.impl.Connection.sendMessage(Connection.java:130)
	at com.microsoft.playwright.impl.ChannelOwner.sendMessage(ChannelOwner.java:106)
	at com.microsoft.playwright.impl.FrameImpl.navigateImpl(FrameImpl.java:463)
	at com.microsoft.playwright.impl.PageImpl.lambda$navigate$46(PageImpl.java:927)
	at com.microsoft.playwright.impl.LoggingSupport.withLogging(LoggingSupport.java:47)
	at com.microsoft.playwright.impl.ChannelOwner.withLogging(ChannelOwner.java:89)
	at com.microsoft.playwright.impl.PageImpl.navigate(PageImpl.java:927)
	at com.microsoft.playwright.impl.PageImpl.navigate(PageImpl.java:42)
	at com.microsoft.playwright.Page.navigate(Page.java:5530)
	at base.BaseTest.setup(BaseTest.java:20)
	at java.base/jdk.internal.reflect.DirectMethodHandleAccessor.invoke(DirectMethodHandleAccessor.java:103)
	at java.base/java.lang.reflect.Method.invoke(Method.java:580)
	at org.testng.internal.invokers.MethodInvocationHelper.invokeMethod(MethodInvocationHelper.java:139)
	at org.testng.internal.invokers.MethodInvocationHelper.invokeMethodConsideringTimeout(MethodInvocationHelper.java:69)
	at org.testng.internal.invokers.ConfigInvoker.invokeConfigurationMethod(ConfigInvoker.java:393)
	at org.testng.internal.invokers.ConfigInvoker.invokeConfigurations(ConfigInvoker.java:326)
	at org.testng.internal.invokers.TestInvoker.runConfigMethods(TestInvoker.java:810)
	at org.testng.internal.invokers.TestInvoker.invokeMethod(TestInvoker.java:578)
	at org.testng.internal.invokers.TestInvoker.invokeTestMethod(TestInvoker.java:228)
	at org.testng.internal.invokers.MethodRunner.runInSequence(MethodRunner.java:63)
	at org.testng.internal.invokers.TestInvoker$MethodInvocationAgent.invoke(TestInvoker.java:961)
	at org.testng.internal.invokers.TestInvoker.invokeTestMethods(TestInvoker.java:201)
	at org.testng.internal.invokers.TestMethodWorker.invokeTestMethods(TestMethodWorker.java:148)
	at org.testng.internal.invokers.TestMethodWorker.run(TestMethodWorker.java:128)
	at java.base/java.util.ArrayList.forEach(ArrayList.java:1596)
	at org.testng.TestRunner.privateRun(TestRunner.java:819)
	at org.testng.TestRunner.run(TestRunner.java:619)
	at org.testng.SuiteRunner.runTest(SuiteRunner.java:443)
	at org.testng.SuiteRunner$SuiteWorker.run(SuiteRunner.java:481)
	at org.testng.internal.thread.ThreadUtil.lambda$execute$0(ThreadUtil.java:58)
	at java.base/java.util.concurrent.FutureTask.run(FutureTask.java:317)
	at java.base/java.util.concurrent.ThreadPoolExecutor.runWorker(ThreadPoolExecutor.java:1144)
	at java.base/java.util.concurrent.ThreadPoolExecutor$Worker.run(ThreadPoolExecutor.java:642)
	at java.base/java.lang.Thread.run(Thread.java:1583)
Caused by: com.microsoft.playwright.impl.DriverException: Error {
  message='url: expected string, got undefined
  name='Error
  stack='Error: url: expected string, got undefined
    at tString (C:\Users\HP\AppData\Local\Temp\playwright-java-491993305141980395\package\lib\protocol\validatorPrimitives.js:58:9)
    at C:\Users\HP\AppData\Local\Temp\playwright-java-491993305141980395\package\lib\protocol\validatorPrimitives.js:107:21
    at DispatcherConnection.dispatch (C:\Users\HP\AppData\Local\Temp\playwright-java-491993305141980395\package\lib\server\dispatchers\dispatcher.js:281:21)
    at transport.onmessage (C:\Users\HP\AppData\Local\Temp\playwright-java-491993305141980395\package\lib\cli\driver.js:52:57)
    at Immediate._onImmediate (C:\Users\HP\AppData\Local\Temp\playwright-java-491993305141980395\package\lib\protocol\transport.js:77:34)
    at process.processImmediate (node:internal/timers:478:21)
}
	at com.microsoft.playwright.impl.Connection.dispatch(Connection.java:259)
	at com.microsoft.playwright.impl.Connection.processOneMessage(Connection.java:211)
	at com.microsoft.playwright.impl.ChannelOwner.runUntil(ChannelOwner.java:118)
	... 34 more
]]></failure>
  </testcase>
  <testcase name="testInputFormSubmit" classname="tests.InputFormTest" time="0">
    <skipped message="Error {&#10;  message=&apos;url: expected string, got undefined&#10;  name=&apos;Error&#10;  stack=&apos;Error: url: expected string, got undefined&#10;    at tString (C:\Users\HP\AppData\Local\Temp\playwright-java-491993305141980395\package\lib\protocol\validatorPrimitives.js:58:9)&#10;    at C:\Users\HP\AppData\Local\Temp\playwright-java-491993305141980395\package\lib\protocol\validatorPrimitives.js:107:21&#10;    at DispatcherConnection.dispatch (C:\Users\HP\AppData\Local\Temp\playwright-java-491993305141980395\package\lib\server\dispatchers\dispatcher.js:281:21)&#10;    at transport.onmessage (C:\Users\HP\AppData\Local\Temp\playwright-java-491993305141980395\package\lib\cli\driver.js:52:57)&#10;    at Immediate._onImmediate (C:\Users\HP\AppData\Local\Temp\playwright-java-491993305141980395\package\lib\protocol\transport.js:77:34)&#10;    at process.processImmediate (node:internal/timers:478:21)&#10;}"/>
  </testcase>
  <testcase name="teardown" classname="tests.InputFormTest" time="0">
    <skipped/>
  </testcase>
</testsuite>